Failed: about — Request failed with status code 429
  rate limited — waiting 8s…
Failed: above — Request failed with status code 429
  rate limited — waiting 8s…
Failed: academic — Request failed with status code 429
  rate limited — waiting 8s…
Failed: accept — Request failed with status code 429
  rate limited — waiting 8s…
[1] Downloaded: acceptable → acceptable.jpg
[2] Downloaded: accommodation → accommodation.jpg
[3] Downloaded: according to → according-to.jpg
Failed: account — no Wikipedia image
Failed: accurate — Request failed with status code 429
  rate limited — waiting 8s…
Failed: achieve — Request failed with status code 429
  rate limited — waiting 8s…
[4] Downloaded: achievement → achievement.jpg
[5] Downloaded: across → across.jpg
[6] Downloaded: act → act.jpg
[7] Downloaded: action → action.jpg
[8] Downloaded: active → active.jpg
[9] Downloaded: activity → activity.jpg
[10] Downloaded: actor → actor.jpg
[11] Downloaded: actress → actress.jpg
[12] Downloaded: actual → actual.jpg
[13] Downloaded: actually → actually.jpg
Failed: ad — Request failed with status code 429
  rate limited — waiting 8s…
Failed: adapt — Request failed with status code 429
  rate limited — waiting 8s…
[14] Downloaded: add → add.jpg
[15] Downloaded: addition → addition.jpg
Failed: additional — no Wikipedia image
[16] Downloaded: address → address.jpg
[17] Downloaded: administration → administration.jpg
[18] Downloaded: adult → adult.jpg
[19] Downloaded: advance → advance.jpg
[20] Downloaded: advanced → advanced.jpg
Failed: advantage — Request failed with status code 429
  rate limited — waiting 8s…
Failed: adventure — Request failed with status code 429
  rate limited — waiting 8s…
[21] Downloaded: advertise → advertise.jpg
[22] Downloaded: advertisement → advertisement.jpg
[23] Downloaded: advertising → advertising.jpg
Failed: advice — Request failed with status code 429
  rate limited — waiting 8s…
Failed: advise — Request failed with status code 429
  rate limited — waiting 8s…
[24] Downloaded: affect → affect.jpg
[25] Downloaded: afraid → afraid.jpg
Failed: after — Request failed with status code 429
  rate limited — waiting 8s…
Failed: afternoon — Request failed with status code 429
  rate limited — waiting 8s…
[26] Downloaded: afterwards → afterwards.jpg
[27] Downloaded: again → again.jpg
[28] Downloaded: against → against.jpg
[29] Downloaded: age → age.jpg
[30] Downloaded: aged → aged.jpg
Failed: agenda — Request failed with status code 429
  rate limited — waiting 8s…
[31] Downloaded: agent → agent.jpg
[32] Downloaded: aggressive → aggressive.jpg
Failed: ago — Request failed with status code 429
  rate limited — waiting 8s…
Failed: agree — Request failed with status code 429
  rate limited — waiting 8s…
[33] Downloaded: agreement → agreement.jpg
[34] Downloaded: ah → ah.jpg
[35] Downloaded: ahead → ahead.jpg
Failed: air — Request failed with status code 429
  rate limited — waiting 8s…
Failed: aircraft — Request failed with status code 429
  rate limited — waiting 8s…
[36] Downloaded: airline → airline.jpg
[37] Downloaded: airport → airport.jpg
[38] Downloaded: album → album.jpg
[39] Downloaded: alcohol → alcohol.jpg
Failed: alcoholic — Request failed with status code 429
  rate limited — waiting 8s…
Failed: alive — Request failed with status code 429
  rate limited — waiting 8s…
[40] Downloaded: all → all.jpg
[41] Downloaded: all right → all-right.jpg
Failed: allow — Request failed with status code 429
  rate limited — waiting 8s…
Failed: almost — Request failed with status code 429
  rate limited — waiting 8s…
