Oxford entries: 3805 | existing voc lookup: 1320
Translating missing Vietnamese meanings…
  translated 50…
  translated 100…
  translated 150…
  translated 200…
  translated 250…
  translated 300…
  translated 350…
  translated 400…
  translated 450…
  translated 500…
  translated 550…
  translated 600…
  translated 650…
  translated 700…
  translated 750…
  translated 800…
  translated 850…
  translated 900…
  translated 950…
  translated 1000…
  translated 1050…
  translated 1100…
  translated 1150…
  translated 1200…
  translated 1250…
  translated 1300…
  translated 1350…
  translated 1400…
  translated 1450…
  translated 1500…
  translated 1550…
  translated 1600…
  translated 1650…
  translated 1700…
  translated 1750…
  translated 1800…
  translated 1850…
  translated 1900…
  translated 1950…
  translated 2000…
  translated 2050…
  translated 2100…
  translated 2150…
  translated 2200…
  translated 2250…
  translated 2300…
  translated 2350…
  translated 2400…
  translated 2450…
  translated 2500…
  translated 2550…
  translated 2600…
  translated 2650…
  translated 2700…
  translated 2750…
  translated 2800…
  translated 2850…
  translated 2900…
  translated 2950…
Wrote E:\react-native\Serf\assets\vocs-learning-core3000.ts
  entries: 3805
  matched VI from existing: 655
  matched media: 655
